


ARM Macro Assembler    Page 1 


    1 00000000                 PRESERVE8
    2 00000000                 THUMB
    3 00000000         
    4 00000000         
    5 00000000         ; ====================== zone de réservation de données,
                         ======================================
    6 00000000         ;Section RAM (read only) :
    7 00000000                 area             mesdata,data,readonly
    8 00000000         
    9 00000000         
   10 00000000         ;Section RAM (read write):
   11 00000000                 area             maram,data,readwrite
   12 00000000         
   13 00000000                 export           SortieSon
   14 00000000                 export           CallBackSon
   15 00000000                 extern           Son
   16 00000000                 extern           LongueurSon
   17 00000000                 extern           PWM_Set_Value_TIM3_Ch3
   18 00000000 00 00   SortieSon
                               dcw              0
   19 00000002 00 00 00000000 
                       index   dcd              0
   20 00000008                 export           index
   21 00000008                 extern           FinSon
   22 00000008         ; ======================================================
                       =========================================
   23 00000008         
   24 00000008         
   25 00000008         
   26 00000008         
   27 00000008         ;Section ROM code (read only) :  
   28 00000008                 area             moncode,code,readonly
   29 00000000         ; écrire le code ici 
   30 00000000         
   31 00000000         
   32 00000000         CallBackSon
                               proc
   33 00000000         
   34 00000000 4814            ldr              r0,=FinSon
   35 00000002 6800            ldr              r0, [r0]
   36 00000004 BB28            cbnz             r0, sortie
   37 00000006         
   38 00000006 B510            push             {lr,r4}
   39 00000008 4813            ldr              r0,=index
   40 0000000A 6803            ldr              r3, [r0]
   41 0000000C 4913            ldr              r1,=Son
   42 0000000E 4A14            ldr              r2,=SortieSon
   43 00000010         ; r4=Son[index]
   44 00000010 F931 4013       ldrsh            r4, [r1,r3,lsl #1]
   45 00000014 F103 0301       add              r3, #1      ;index ++
   46 00000018 6003            str              r3, [r0]
   47 0000001A         
   48 0000001A         ; r4=r4*720/2^16+360
   49 0000001A F44F 7134       mov              r1, #720
   50 0000001E FB04 F401       mul              r4, r1
   51 00000022 EA4F 4424       asr              r4, #16
   52 00000026 F504 74B4       add              r4, #360
   53 0000002A 8014            strh             r4, [r2]
   54 0000002C B401            push             {r0}



ARM Macro Assembler    Page 2 


   55 0000002E 4620            mov              r0, r4
   56 00000030 F7FF FFFE       bl               PWM_Set_Value_TIM3_Ch3
   57 00000034 BC01            pop              {r0}
   58 00000036 E8BD 4010       pop              {lr,r4}
   59 0000003A         
   60 0000003A         ;Si index==LongueurSon
   61 0000003A 490A            ldr              r1, =LongueurSon
   62 0000003C 6809            ldr              r1, [r1]
   63 0000003E 6803            ldr              r3, [r0]
   64 00000040 428B            cmp              r3, r1      ; if (index == Long
                                                            ueurSon)
   65 00000042 D106            bne              sortie
   66 00000044         ;then index=0
   67 00000044 F04F 0101       mov              r1, #1
   68 00000048 4A02            ldr              r2, =FinSon
   69 0000004A 6011            str              r1, [r2]
   70 0000004C F04F 0300       mov              r3, #0
   71 00000050 6003            str              r3, [r0]
   72 00000052         sortie                               ; else
   73 00000052 4770            bx               lr
   74 00000054         
   75 00000054                 endp
   76 00000054         
   77 00000054         
   78 00000054         
   79 00000054         
   80 00000054                 END
              00000000 
              00000000 
              00000000 
              00000000 
              00000000 
Command Line: --debug --xref --diag_suppress=9931 --cpu=Cortex-M3 --apcs=interw
ork --depend=.\obj\gestionson.d -o.\obj\gestionson.o -I.\RTE\_CibleSondeKEIL -I
C:\Programdata\Keil\Arm\Packs\ARM\CMSIS\5.7.0\CMSIS\Core\Include -IC:\Programda
ta\Keil\Arm\Packs\Keil\STM32F1xx_DFP\2.3.0\Device\Include --predefine="__EVAL S
ETA 1" --predefine="__MICROLIB SETA 1" --predefine="__UVISION_VERSION SETA 534"
 --predefine="_RTE_ SETA 1" --predefine="STM32F10X_MD SETA 1" --predefine="_RTE
_ SETA 1" --list=gestionson.lst Src\GestionSon.s



ARM Macro Assembler    Page 1 Alphabetic symbol ordering
Relocatable symbols

mesdata 00000000

Symbol: mesdata
   Definitions
      At line 7 in file Src\GestionSon.s
   Uses
      None
Comment: mesdata unused
1 symbol



ARM Macro Assembler    Page 1 Alphabetic symbol ordering
Relocatable symbols

SortieSon 00000000

Symbol: SortieSon
   Definitions
      At line 18 in file Src\GestionSon.s
   Uses
      At line 13 in file Src\GestionSon.s
      At line 42 in file Src\GestionSon.s

index 00000004

Symbol: index
   Definitions
      At line 19 in file Src\GestionSon.s
   Uses
      At line 20 in file Src\GestionSon.s
      At line 39 in file Src\GestionSon.s

maram 00000000

Symbol: maram
   Definitions
      At line 11 in file Src\GestionSon.s
   Uses
      None
Comment: maram unused
3 symbols



ARM Macro Assembler    Page 1 Alphabetic symbol ordering
Relocatable symbols

CallBackSon 00000000

Symbol: CallBackSon
   Definitions
      At line 32 in file Src\GestionSon.s
   Uses
      At line 14 in file Src\GestionSon.s
Comment: CallBackSon used once
moncode 00000000

Symbol: moncode
   Definitions
      At line 28 in file Src\GestionSon.s
   Uses
      None
Comment: moncode unused
sortie 00000052

Symbol: sortie
   Definitions
      At line 72 in file Src\GestionSon.s
   Uses
      At line 36 in file Src\GestionSon.s
      At line 65 in file Src\GestionSon.s

3 symbols



ARM Macro Assembler    Page 1 Alphabetic symbol ordering
External symbols

FinSon 00000000

Symbol: FinSon
   Definitions
      At line 21 in file Src\GestionSon.s
   Uses
      At line 34 in file Src\GestionSon.s
      At line 68 in file Src\GestionSon.s

LongueurSon 00000000

Symbol: LongueurSon
   Definitions
      At line 16 in file Src\GestionSon.s
   Uses
      At line 61 in file Src\GestionSon.s
Comment: LongueurSon used once
PWM_Set_Value_TIM3_Ch3 00000000

Symbol: PWM_Set_Value_TIM3_Ch3
   Definitions
      At line 17 in file Src\GestionSon.s
   Uses
      At line 56 in file Src\GestionSon.s
Comment: PWM_Set_Value_TIM3_Ch3 used once
Son 00000000

Symbol: Son
   Definitions
      At line 15 in file Src\GestionSon.s
   Uses
      At line 41 in file Src\GestionSon.s
Comment: Son used once
4 symbols
348 symbols in table
